This file contains any messages produced by compilers while
running configure, to aid debugging if configure makes a mistake.

It was created by sg3_utils configure 1.41, which was
generated by GNU Autoconf 2.69.  Invocation command line was

  $ ./configure 

## --------- ##
## Platform. ##
## --------- ##

hostname = prima
uname -m = x86_64
uname -r = 4.2.0-27-generic
uname -s = Linux
uname -v = #32-Ubuntu SMP Fri Jan 22 04:49:08 UTC 2016

/usr/bin/uname -p = unknown
/bin/uname -X     = unknown

/bin/arch              = unknown
/usr/bin/arch -k       = unknown
/usr/convex/getsysinfo = unknown
/usr/bin/hostinfo      = unknown
/bin/machine           = unknown
/usr/bin/oslevel       = unknown
/bin/universe          = unknown

PATH: /usr/local/sbin
PATH: /usr/local/bin
PATH: /usr/sbin
PATH: /usr/bin
PATH: /sbin
PATH: /bin
PATH: /usr/games
PATH: /usr/local/games


## ----------- ##
## Core tests. ##
## ----------- ##

configure:2188: checking for a BSD-compatible install
configure:2256: result: /usr/bin/install -c
configure:2267: checking whether build environment is sane
configure:2322: result: yes
configure:2473: checking for a thread-safe mkdir -p
configure:2512: result: /bin/mkdir -p
configure:2519: checking for gawk
configure:2535: found /usr/bin/gawk
configure:2546: result: gawk
configure:2557: checking whether make sets $(MAKE)
configure:2579: result: yes
configure:2608: checking whether make supports nested variables
configure:2625: result: yes
configure:2752: checking whether to enable maintainer-specific portions of Makefiles
configure:2761: result: no
configure:2825: checking for gcc
configure:2841: found /usr/bin/gcc
configure:2852: result: gcc
configure:3081: checking for C compiler version
configure:3090: gcc --version >&5
gcc (Ubuntu 5.2.1-22ubuntu2) 5.2.1 20151010
Copyright (C) 2015 Free Software Foundation, Inc.
This is free software; see the source for copying conditions.  There is NO
warranty; not even for MERCHANTABILITY or FITNESS FOR A PARTICULAR PURPOSE.

configure:3101: $? = 0
configure:3090: gcc -v >&5
Using built-in specs.
COLLECT_GCC=gcc
COLLECT_LTO_WRAPPER=/usr/lib/gcc/x86_64-linux-gnu/5/lto-wrapper
Target: x86_64-linux-gnu
Configured with: ../src/configure -v --with-pkgversion='Ubuntu 5.2.1-22ubuntu2' --with-bugurl=file:///usr/share/doc/gcc-5/README.Bugs --enable-languages=c,ada,c++,java,go,d,fortran,objc,obj-c++ --prefix=/usr --program-suffix=-5 --enable-shared --enable-linker-build-id --libexecdir=/usr/lib --without-included-gettext --enable-threads=posix --libdir=/usr/lib --enable-nls --with-sysroot=/ --enable-clocale=gnu --enable-libstdcxx-debug --enable-libstdcxx-time=yes --with-default-libstdcxx-abi=new --enable-gnu-unique-object --disable-vtable-verify --enable-libmpx --enable-plugin --with-system-zlib --disable-browser-plugin --enable-java-awt=gtk --enable-gtk-cairo --with-java-home=/usr/lib/jvm/java-1.5.0-gcj-5-amd64/jre --enable-java-home --with-jvm-root-dir=/usr/lib/jvm/java-1.5.0-gcj-5-amd64 --with-jvm-jar-dir=/usr/lib/jvm-exports/java-1.5.0-gcj-5-amd64 --with-arch-directory=amd64 --with-ecj-jar=/usr/share/java/eclipse-ecj.jar --enable-objc-gc --enable-multiarch --disable-werror --with-arch-32=i686 --with-abi=m64 --with-multilib-list=m32,m64,mx32 --enable-multilib --with-tune=generic --enable-checking=release --build=x86_64-linux-gnu --host=x86_64-linux-gnu --target=x86_64-linux-gnu
Thread model: posix
gcc version 5.2.1 20151010 (Ubuntu 5.2.1-22ubuntu2) 
configure:3101: $? = 0
configure:3090: gcc -V >&5
gcc: error: unrecognized command line option '-V'
gcc: fatal error: no input files
compilation terminated.
configure:3101: $? = 1
configure:3090: gcc -qversion >&5
gcc: error: unrecognized command line option '-qversion'
gcc: fatal error: no input files
compilation terminated.
configure:3101: $? = 1
configure:3121: checking whether the C compiler works
configure:3143: gcc    conftest.c  >&5
configure:3147: $? = 0
configure:3195: result: yes
configure:3198: checking for C compiler default output file name
configure:3200: result: a.out
configure:3206: checking for suffix of executables
configure:3213: gcc -o conftest    conftest.c  >&5
configure:3217: $? = 0
configure:3239: result: 
configure:3261: checking whether we are cross compiling
configure:3269: gcc -o conftest    conftest.c  >&5
configure:3273: $? = 0
configure:3280: ./conftest
configure:3284: $? = 0
configure:3299: result: no
configure:3304: checking for suffix of object files
configure:3326: gcc -c   conftest.c >&5
configure:3330: $? = 0
configure:3351: result: o
configure:3355: checking whether we are using the GNU C compiler
configure:3374: gcc -c   conftest.c >&5
configure:3374: $? = 0
configure:3383: result: yes
configure:3392: checking whether gcc accepts -g
configure:3412: gcc -c -g  conftest.c >&5
configure:3412: $? = 0
configure:3453: result: yes
configure:3470: checking for gcc option to accept ISO C89
configure:3533: gcc  -c -g -O2  conftest.c >&5
configure:3533: $? = 0
configure:3546: result: none needed
configure:3571: checking whether gcc understands -c and -o together
configure:3593: gcc -c conftest.c -o conftest2.o
configure:3596: $? = 0
configure:3593: gcc -c conftest.c -o conftest2.o
configure:3596: $? = 0
configure:3608: result: yes
configure:3636: checking for style of include used by make
configure:3664: result: GNU
configure:3690: checking dependency style of gcc
configure:3801: result: gcc3
configure:3849: checking build system type
configure:3863: result: x86_64-unknown-linux-gnu
configure:3883: checking host system type
configure:3896: result: x86_64-unknown-linux-gnu
configure:3937: checking how to print strings
configure:3964: result: printf
configure:3985: checking for a sed that does not truncate output
configure:4049: result: /bin/sed
configure:4067: checking for grep that handles long lines and -e
configure:4125: result: /bin/grep
configure:4130: checking for egrep
configure:4192: result: /bin/grep -E
configure:4197: checking for fgrep
configure:4259: result: /bin/grep -F
configure:4294: checking for ld used by gcc
configure:4361: result: /usr/bin/ld
configure:4368: checking if the linker (/usr/bin/ld) is GNU ld
configure:4383: result: yes
configure:4395: checking for BSD- or MS-compatible name lister (nm)
configure:4444: result: /usr/bin/nm -B
configure:4574: checking the name lister (/usr/bin/nm -B) interface
configure:4581: gcc -c -g -O2  conftest.c >&5
configure:4584: /usr/bin/nm -B "conftest.o"
configure:4587: output
0000000000000000 B some_variable
configure:4594: result: BSD nm
configure:4597: checking whether ln -s works
configure:4601: result: yes
configure:4609: checking the maximum length of command line arguments
configure:4740: result: 1572864
configure:4757: checking whether the shell understands some XSI constructs
configure:4767: result: yes
configure:4771: checking whether the shell understands "+="
configure:4777: result: yes
configure:4812: checking how to convert x86_64-unknown-linux-gnu file names to x86_64-unknown-linux-gnu format
configure:4852: result: func_convert_file_noop
configure:4859: checking how to convert x86_64-unknown-linux-gnu file names to toolchain format
configure:4879: result: func_convert_file_noop
configure:4886: checking for /usr/bin/ld option to reload object files
configure:4893: result: -r
configure:4967: checking for objdump
configure:4983: found /usr/bin/objdump
configure:4994: result: objdump
configure:5026: checking how to recognize dependent libraries
configure:5224: result: pass_all
configure:5309: checking for dlltool
configure:5339: result: no
configure:5369: checking how to associate runtime and link libraries
configure:5396: result: printf %s\n
configure:5457: checking for ar
configure:5473: found /usr/bin/ar
configure:5484: result: ar
configure:5521: checking for archiver @FILE support
configure:5538: gcc -c -g -O2  conftest.c >&5
configure:5538: $? = 0
configure:5541: ar cru libconftest.a @conftest.lst >&5
ar: `u' modifier ignored since `D' is the default (see `U')
configure:5544: $? = 0
configure:5549: ar cru libconftest.a @conftest.lst >&5
ar: `u' modifier ignored since `D' is the default (see `U')
ar: conftest.o: No such file or directory
configure:5552: $? = 1
configure:5564: result: @
configure:5622: checking for strip
configure:5638: found /usr/bin/strip
configure:5649: result: strip
configure:5721: checking for ranlib
configure:5737: found /usr/bin/ranlib
configure:5748: result: ranlib
configure:5850: checking command to parse /usr/bin/nm -B output from gcc object
configure:5970: gcc -c -g -O2  conftest.c >&5
configure:5973: $? = 0
configure:5977: /usr/bin/nm -B conftest.o \| sed -n -e 's/^.*[ ]\([ABCDGIRSTW][ABCDGIRSTW]*\)[ ][ ]*\([_A-Za-z][_A-Za-z0-9]*\)$/\1 \2 \2/p' | sed '/ __gnu_lto/d' \> conftest.nm
configure:5980: $? = 0
configure:6046: gcc -o conftest -g -O2   conftest.c conftstm.o >&5
configure:6049: $? = 0
configure:6087: result: ok
configure:6124: checking for sysroot
configure:6154: result: no
configure:6231: gcc -c -g -O2  conftest.c >&5
configure:6234: $? = 0
configure:6423: checking for mt
configure:6439: found /bin/mt
configure:6450: result: mt
configure:6473: checking if mt is a manifest tool
configure:6479: mt '-?'
configure:6487: result: no
configure:7129: checking how to run the C preprocessor
configure:7160: gcc -E  conftest.c
configure:7160: $? = 0
configure:7174: gcc -E  conftest.c
conftest.c:11:28: fatal error: ac_nonexistent.h: No such file or directory
compilation terminated.
configure:7174: $? = 1
configure: failed program was:
| /* confdefs.h */
| #define PACKAGE_NAME "sg3_utils"
| #define PACKAGE_TARNAME "sg3_utils"
| #define PACKAGE_VERSION "1.41"
| #define PACKAGE_STRING "sg3_utils 1.41"
| #define PACKAGE_BUGREPORT "dgilbert@interlog.com"
| #define PACKAGE_URL ""
| #define PACKAGE "sg3_utils"
| #define VERSION "1.41"
| /* end confdefs.h.  */
| #include <ac_nonexistent.h>
configure:7199: result: gcc -E
configure:7219: gcc -E  conftest.c
configure:7219: $? = 0
configure:7233: gcc -E  conftest.c
conftest.c:11:28: fatal error: ac_nonexistent.h: No such file or directory
compilation terminated.
configure:7233: $? = 1
configure: failed program was:
| /* confdefs.h */
| #define PACKAGE_NAME "sg3_utils"
| #define PACKAGE_TARNAME "sg3_utils"
| #define PACKAGE_VERSION "1.41"
| #define PACKAGE_STRING "sg3_utils 1.41"
| #define PACKAGE_BUGREPORT "dgilbert@interlog.com"
| #define PACKAGE_URL ""
| #define PACKAGE "sg3_utils"
| #define VERSION "1.41"
| /* end confdefs.h.  */
| #include <ac_nonexistent.h>
configure:7262: checking for ANSI C header files
configure:7282: gcc -c -g -O2  conftest.c >&5
configure:7282: $? = 0
configure:7355: gcc -o conftest -g -O2   conftest.c  >&5
configure:7355: $? = 0
configure:7355: ./conftest
configure:7355: $? = 0
configure:7366: result: yes
configure:7379: checking for sys/types.h
configure:7379: gcc -c -g -O2  conftest.c >&5
configure:7379: $? = 0
configure:7379: result: yes
configure:7379: checking for sys/stat.h
configure:7379: gcc -c -g -O2  conftest.c >&5
configure:7379: $? = 0
configure:7379: result: yes
configure:7379: checking for stdlib.h
configure:7379: gcc -c -g -O2  conftest.c >&5
configure:7379: $? = 0
configure:7379: result: yes
configure:7379: checking for string.h
configure:7379: gcc -c -g -O2  conftest.c >&5
configure:7379: $? = 0
configure:7379: result: yes
configure:7379: checking for memory.h
configure:7379: gcc -c -g -O2  conftest.c >&5
configure:7379: $? = 0
configure:7379: result: yes
configure:7379: checking for strings.h
configure:7379: gcc -c -g -O2  conftest.c >&5
configure:7379: $? = 0
configure:7379: result: yes
configure:7379: checking for inttypes.h
configure:7379: gcc -c -g -O2  conftest.c >&5
configure:7379: $? = 0
configure:7379: result: yes
configure:7379: checking for stdint.h
configure:7379: gcc -c -g -O2  conftest.c >&5
configure:7379: $? = 0
configure:7379: result: yes
configure:7379: checking for unistd.h
configure:7379: gcc -c -g -O2  conftest.c >&5
configure:7379: $? = 0
configure:7379: result: yes
configure:7393: checking for dlfcn.h
configure:7393: gcc -c -g -O2  conftest.c >&5
configure:7393: $? = 0
configure:7393: result: yes
configure:7599: checking for objdir
configure:7614: result: .libs
configure:7881: checking if gcc supports -fno-rtti -fno-exceptions
configure:7899: gcc -c -g -O2  -fno-rtti -fno-exceptions conftest.c >&5
cc1: warning: command line option '-fno-rtti' is valid for C++/ObjC++ but not for C
configure:7903: $? = 0
configure:7916: result: no
configure:8243: checking for gcc option to produce PIC
configure:8250: result: -fPIC -DPIC
configure:8258: checking if gcc PIC flag -fPIC -DPIC works
configure:8276: gcc -c -g -O2  -fPIC -DPIC -DPIC conftest.c >&5
configure:8280: $? = 0
configure:8293: result: yes
configure:8322: checking if gcc static flag -static works
configure:8350: result: yes
configure:8365: checking if gcc supports -c -o file.o
configure:8386: gcc -c -g -O2  -o out/conftest2.o conftest.c >&5
configure:8390: $? = 0
configure:8412: result: yes
configure:8420: checking if gcc supports -c -o file.o
configure:8467: result: yes
configure:8500: checking whether the gcc linker (/usr/bin/ld -m elf_x86_64) supports shared libraries
configure:9657: result: yes
configure:9694: checking whether -lc should be explicitly linked in
configure:9702: gcc -c -g -O2  conftest.c >&5
configure:9705: $? = 0
configure:9720: gcc -shared  -fPIC -DPIC conftest.o  -v -Wl,-soname -Wl,conftest -o conftest 2\>\&1 \| /bin/grep  -lc  \>/dev/null 2\>\&1
configure:9723: $? = 0
configure:9737: result: no
configure:9897: checking dynamic linker characteristics
configure:10397: gcc -o conftest -g -O2   -Wl,-rpath -Wl,/foo conftest.c  >&5
configure:10397: $? = 0
configure:10631: result: GNU/Linux ld.so
configure:10738: checking how to hardcode library paths into programs
configure:10763: result: immediate
configure:11303: checking whether stripping libraries is possible
configure:11308: result: yes
configure:11343: checking if libtool supports shared libraries
configure:11345: result: yes
configure:11348: checking whether to build shared libraries
configure:11369: result: yes
configure:11372: checking whether to build static libraries
configure:11376: result: yes
configure:11415: checking for ANSI C header files
configure:11519: result: yes
configure:11530: checking for linux/types.h
configure:11530: gcc -c -g -O2  conftest.c >&5
configure:11530: $? = 0
configure:11530: result: yes
configure:11530: checking for linux/bsg.h
configure:11530: gcc -c -g -O2  conftest.c >&5
configure:11530: $? = 0
configure:11530: result: yes
configure:11530: checking for linux/kdev_t.h
configure:11530: gcc -c -g -O2  conftest.c >&5
configure:11530: $? = 0
configure:11530: result: yes
configure:11548: checking for getopt_long
configure:11548: gcc -o conftest -g -O2   conftest.c  >&5
configure:11548: $? = 0
configure:11548: result: yes
configure:11561: checking for posix_fadvise
configure:11561: gcc -o conftest -g -O2   conftest.c  >&5
configure:11561: $? = 0
configure:11561: result: yes
configure:11572: checking for posix_memalign
configure:11572: gcc -o conftest -g -O2   conftest.c  >&5
conftest.c:52:6: warning: conflicting types for built-in function 'posix_memalign'
 char posix_memalign ();
      ^
configure:11572: $? = 0
configure:11572: result: yes
configure:11583: checking for sysconf
configure:11583: gcc -o conftest -g -O2   conftest.c  >&5
configure:11583: $? = 0
configure:11583: result: yes
configure:11594: checking for lseek64
configure:11594: gcc -o conftest -g -O2   conftest.c  >&5
configure:11594: $? = 0
configure:11594: result: yes
configure:11894: checking that generated files are newer than configure
configure:11900: result: done
configure:11951: creating ./config.status

## ---------------------- ##
## Running config.status. ##
## ---------------------- ##

This file was extended by sg3_utils config.status 1.41, which was
generated by GNU Autoconf 2.69.  Invocation command line was

  CONFIG_FILES    = 
  CONFIG_HEADERS  = 
  CONFIG_LINKS    = 
  CONFIG_COMMANDS = 
  $ ./config.status 

on prima

config.status:1115: creating Makefile
config.status:1115: creating include/Makefile
config.status:1115: creating lib/Makefile
config.status:1115: creating src/Makefile
config.status:1115: creating doc/Makefile
config.status:1115: creating scripts/Makefile
config.status:1115: creating config.h
config.status:1344: executing depfiles commands
config.status:1344: executing libtool commands

## ---------------- ##
## Cache variables. ##
## ---------------- ##

ac_cv_build=x86_64-unknown-linux-gnu
ac_cv_c_compiler_gnu=yes
ac_cv_env_CC_set=
ac_cv_env_CC_value=
ac_cv_env_CFLAGS_set=
ac_cv_env_CFLAGS_value=
ac_cv_env_CPPFLAGS_set=
ac_cv_env_CPPFLAGS_value=
ac_cv_env_CPP_set=
ac_cv_env_CPP_value=
ac_cv_env_LDFLAGS_set=
ac_cv_env_LDFLAGS_value=
ac_cv_env_LIBS_set=
ac_cv_env_LIBS_value=
ac_cv_env_build_alias_set=
ac_cv_env_build_alias_value=
ac_cv_env_host_alias_set=
ac_cv_env_host_alias_value=
ac_cv_env_target_alias_set=
ac_cv_env_target_alias_value=
ac_cv_func_getopt_long=yes
ac_cv_func_lseek64=yes
ac_cv_func_posix_fadvise=yes
ac_cv_func_posix_memalign=yes
ac_cv_func_sysconf=yes
ac_cv_header_dlfcn_h=yes
ac_cv_header_inttypes_h=yes
ac_cv_header_linux_bsg_h=yes
ac_cv_header_linux_kdev_t_h=yes
ac_cv_header_linux_types_h=yes
ac_cv_header_memory_h=yes
ac_cv_header_stdc=yes
ac_cv_header_stdint_h=yes
ac_cv_header_stdlib_h=yes
ac_cv_header_string_h=yes
ac_cv_header_strings_h=yes
ac_cv_header_sys_stat_h=yes
ac_cv_header_sys_types_h=yes
ac_cv_header_unistd_h=yes
ac_cv_host=x86_64-unknown-linux-gnu
ac_cv_objext=o
ac_cv_path_EGREP='/bin/grep -E'
ac_cv_path_FGREP='/bin/grep -F'
ac_cv_path_GREP=/bin/grep
ac_cv_path_SED=/bin/sed
ac_cv_path_install='/usr/bin/install -c'
ac_cv_path_mkdir=/bin/mkdir
ac_cv_prog_AWK=gawk
ac_cv_prog_CPP='gcc -E'
ac_cv_prog_ac_ct_AR=ar
ac_cv_prog_ac_ct_CC=gcc
ac_cv_prog_ac_ct_MANIFEST_TOOL=mt
ac_cv_prog_ac_ct_OBJDUMP=objdump
ac_cv_prog_ac_ct_RANLIB=ranlib
ac_cv_prog_ac_ct_STRIP=strip
ac_cv_prog_cc_c89=
ac_cv_prog_cc_g=yes
ac_cv_prog_make_make_set=yes
am_cv_CC_dependencies_compiler_type=gcc3
am_cv_make_support_nested_variables=yes
am_cv_prog_cc_c_o=yes
lt_cv_ar_at_file=@
lt_cv_archive_cmds_need_lc=no
lt_cv_deplibs_check_method=pass_all
lt_cv_file_magic_cmd='$MAGIC_CMD'
lt_cv_file_magic_test_file=
lt_cv_ld_reload_flag=-r
lt_cv_nm_interface='BSD nm'
lt_cv_objdir=.libs
lt_cv_path_LD=/usr/bin/ld
lt_cv_path_NM='/usr/bin/nm -B'
lt_cv_path_mainfest_tool=no
lt_cv_prog_compiler_c_o=yes
lt_cv_prog_compiler_pic='-fPIC -DPIC'
lt_cv_prog_compiler_pic_works=yes
lt_cv_prog_compiler_rtti_exceptions=no
lt_cv_prog_compiler_static_works=yes
lt_cv_prog_gnu_ld=yes
lt_cv_sharedlib_from_linklib_cmd='printf %s\n'
lt_cv_shlibpath_overrides_runpath=no
lt_cv_sys_global_symbol_pipe='sed -n -e '\''s/^.*[	 ]\([ABCDGIRSTW][ABCDGIRSTW]*\)[	 ][	 ]*\([_A-Za-z][_A-Za-z0-9]*\)$/\1 \2 \2/p'\'' | sed '\''/ __gnu_lto/d'\'''
lt_cv_sys_global_symbol_to_c_name_address='sed -n -e '\''s/^: \([^ ]*\)[ ]*$/  {\"\1\", (void *) 0},/p'\'' -e '\''s/^[ABCDGIRSTW]* \([^ ]*\) \([^ ]*\)$/  {"\2", (void *) \&\2},/p'\'''
lt_cv_sys_global_symbol_to_c_name_address_lib_prefix='sed -n -e '\''s/^: \([^ ]*\)[ ]*$/  {\"\1\", (void *) 0},/p'\'' -e '\''s/^[ABCDGIRSTW]* \([^ ]*\) \(lib[^ ]*\)$/  {"\2", (void *) \&\2},/p'\'' -e '\''s/^[ABCDGIRSTW]* \([^ ]*\) \([^ ]*\)$/  {"lib\2", (void *) \&\2},/p'\'''
lt_cv_sys_global_symbol_to_cdecl='sed -n -e '\''s/^T .* \(.*\)$/extern int \1();/p'\'' -e '\''s/^[ABCDGIRSTW]* .* \(.*\)$/extern char \1;/p'\'''
lt_cv_sys_max_cmd_len=1572864
lt_cv_to_host_file_cmd=func_convert_file_noop
lt_cv_to_tool_file_cmd=func_convert_file_noop

## ----------------- ##
## Output variables. ##
## ----------------- ##

ACLOCAL='${SHELL} /home/proteus/b-scratch/disk/sg3_utils-1.41/missing aclocal-1.14'
AMDEPBACKSLASH='\'
AMDEP_FALSE='#'
AMDEP_TRUE=''
AMTAR='$${TAR-tar}'
AM_BACKSLASH='\'
AM_DEFAULT_V='$(AM_DEFAULT_VERBOSITY)'
AM_DEFAULT_VERBOSITY='1'
AM_V='$(V)'
AR='ar'
AUTOCONF='${SHELL} /home/proteus/b-scratch/disk/sg3_utils-1.41/missing autoconf'
AUTOHEADER='${SHELL} /home/proteus/b-scratch/disk/sg3_utils-1.41/missing autoheader'
AUTOMAKE='${SHELL} /home/proteus/b-scratch/disk/sg3_utils-1.41/missing automake-1.14'
AWK='gawk'
CC='gcc'
CCDEPMODE='depmode=gcc3'
CFLAGS='-g -O2'
CPP='gcc -E'
CPPFLAGS=''
CYGPATH_W='echo'
DEFS='-DHAVE_CONFIG_H'
DEPDIR='.deps'
DLLTOOL='false'
DSYMUTIL=''
DUMPBIN=''
ECHO_C=''
ECHO_N='-n'
ECHO_T=''
EGREP='/bin/grep -E'
EXEEXT=''
FGREP='/bin/grep -F'
GETOPT_O_FILES=''
GREP='/bin/grep'
INSTALL_DATA='${INSTALL} -m 644'
INSTALL_PROGRAM='${INSTALL}'
INSTALL_SCRIPT='${INSTALL}'
INSTALL_STRIP_PROGRAM='$(install_sh) -c -s'
LD='/usr/bin/ld -m elf_x86_64'
LDFLAGS=''
LIBOBJS=''
LIBS=''
LIBTOOL='$(SHELL) $(top_builddir)/libtool'
LIPO=''
LN_S='ln -s'
LTLIBOBJS=''
MAINT='#'
MAINTAINER_MODE_FALSE=''
MAINTAINER_MODE_TRUE='#'
MAKEINFO='${SHELL} /home/proteus/b-scratch/disk/sg3_utils-1.41/missing makeinfo'
MANIFEST_TOOL=':'
MKDIR_P='/bin/mkdir -p'
NM='/usr/bin/nm -B'
NMEDIT=''
OBJDUMP='objdump'
OBJEXT='o'
OS_FREEBSD_FALSE=''
OS_FREEBSD_TRUE='#'
OS_LINUX_FALSE='#'
OS_LINUX_TRUE=''
OS_OSF_FALSE=''
OS_OSF_TRUE='#'
OS_SOLARIS_FALSE=''
OS_SOLARIS_TRUE='#'
OS_WIN32_CYGWIN_FALSE=''
OS_WIN32_CYGWIN_TRUE='#'
OS_WIN32_MINGW_FALSE=''
OS_WIN32_MINGW_TRUE='#'
OTOOL64=''
OTOOL=''
PACKAGE='sg3_utils'
PACKAGE_BUGREPORT='dgilbert@interlog.com'
PACKAGE_NAME='sg3_utils'
PACKAGE_STRING='sg3_utils 1.41'
PACKAGE_TARNAME='sg3_utils'
PACKAGE_URL=''
PACKAGE_VERSION='1.41'
PATH_SEPARATOR=':'
RANLIB='ranlib'
SED='/bin/sed'
SET_MAKE=''
SHELL='/bin/bash'
STRIP='strip'
VERSION='1.41'
ac_ct_AR='ar'
ac_ct_CC='gcc'
ac_ct_DUMPBIN=''
am__EXEEXT_FALSE=''
am__EXEEXT_TRUE='#'
am__fastdepCC_FALSE='#'
am__fastdepCC_TRUE=''
am__include='include'
am__isrc=''
am__leading_dot='.'
am__nodep='_no'
am__quote=''
am__tar='$${TAR-tar} chof - "$$tardir"'
am__untar='$${TAR-tar} xf -'
bindir='${exec_prefix}/bin'
build='x86_64-unknown-linux-gnu'
build_alias=''
build_cpu='x86_64'
build_os='linux-gnu'
build_vendor='unknown'
datadir='${datarootdir}'
datarootdir='${prefix}/share'
docdir='${datarootdir}/doc/${PACKAGE_TARNAME}'
dvidir='${docdir}'
exec_prefix='${prefix}'
host='x86_64-unknown-linux-gnu'
host_alias=''
host_cpu='x86_64'
host_os='linux-gnu'
host_vendor='unknown'
htmldir='${docdir}'
includedir='${prefix}/include'
infodir='${datarootdir}/info'
install_sh='${SHELL} /home/proteus/b-scratch/disk/sg3_utils-1.41/install-sh'
libdir='${exec_prefix}/lib'
libexecdir='${exec_prefix}/libexec'
localedir='${datarootdir}/locale'
localstatedir='${prefix}/var'
mandir='${datarootdir}/man'
mkdir_p='$(MKDIR_P)'
oldincludedir='/usr/include'
os_cflags=''
os_libs=''
pdfdir='${docdir}'
prefix='/usr/local'
program_transform_name='s,x,x,'
psdir='${docdir}'
sbindir='${exec_prefix}/sbin'
sharedstatedir='${prefix}/com'
sysconfdir='${prefix}/etc'
target_alias=''

## ----------- ##
## confdefs.h. ##
## ----------- ##

/* confdefs.h */
#define PACKAGE_NAME "sg3_utils"
#define PACKAGE_TARNAME "sg3_utils"
#define PACKAGE_VERSION "1.41"
#define PACKAGE_STRING "sg3_utils 1.41"
#define PACKAGE_BUGREPORT "dgilbert@interlog.com"
#define PACKAGE_URL ""
#define PACKAGE "sg3_utils"
#define VERSION "1.41"
#define STDC_HEADERS 1
#define HAVE_SYS_TYPES_H 1
#define HAVE_SYS_STAT_H 1
#define HAVE_STDLIB_H 1
#define HAVE_STRING_H 1
#define HAVE_MEMORY_H 1
#define HAVE_STRINGS_H 1
#define HAVE_INTTYPES_H 1
#define HAVE_STDINT_H 1
#define HAVE_UNISTD_H 1
#define HAVE_DLFCN_H 1
#define LT_OBJDIR ".libs/"
#define STDC_HEADERS 1
#define HAVE_LINUX_TYPES_H 1
#define HAVE_LINUX_BSG_H 1
#define HAVE_LINUX_KDEV_T_H 1
#define HAVE_GETOPT_LONG 1
#define HAVE_POSIX_FADVISE 1
#define HAVE_POSIX_MEMALIGN 1
#define HAVE_SYSCONF 1
#define HAVE_LSEEK64 1
#define SG_LIB_BUILD_HOST "x86_64-unknown-linux-gnu"
#define SG_LIB_LINUX 1
#define SG_SCSI_STRINGS 1

configure: exit 0
