This file contains any messages produced by compilers while
running configure, to aid debugging if configure makes a mistake.

It was created by lsscsi configure 0.29, which was
generated by GNU Autoconf 2.69.  Invocation command line was

  $ ./configure 

## --------- ##
## Platform. ##
## --------- ##

hostname = prima
uname -m = x86_64
uname -r = 4.2.0-27-generic
uname -s = Linux
uname -v = #32-Ubuntu SMP Fri Jan 22 04:49:08 UTC 2016

/usr/bin/uname -p = unknown
/bin/uname -X     = unknown

/bin/arch              = unknown
/usr/bin/arch -k       = unknown
/usr/convex/getsysinfo = unknown
/usr/bin/hostinfo      = unknown
/bin/machine           = unknown
/usr/bin/oslevel       = unknown
/bin/universe          = unknown

PATH: /usr/local/sbin
PATH: /usr/local/bin
PATH: /usr/sbin
PATH: /usr/bin
PATH: /sbin
PATH: /bin


## ----------- ##
## Core tests. ##
## ----------- ##

configure:1839: checking for a BSD-compatible install
configure:1907: result: /usr/bin/install -c
configure:1918: checking whether build environment is sane
configure:1973: result: yes
configure:2011: WARNING: 'missing' script is too old or missing
configure:2124: checking for a thread-safe mkdir -p
configure:2163: result: /bin/mkdir -p
configure:2170: checking for gawk
configure:2186: found /usr/bin/gawk
configure:2197: result: gawk
configure:2208: checking whether make sets $(MAKE)
configure:2230: result: yes
configure:2259: checking whether make supports nested variables
configure:2276: result: yes
configure:2402: checking whether to enable maintainer-specific portions of Makefiles
configure:2411: result: no
configure:2475: checking for gcc
configure:2491: found /usr/bin/gcc
configure:2502: result: gcc
configure:2731: checking for C compiler version
configure:2740: gcc --version >&5
gcc (Ubuntu 5.2.1-22ubuntu2) 5.2.1 20151010
Copyright (C) 2015 Free Software Foundation, Inc.
This is free software; see the source for copying conditions.  There is NO
warranty; not even for MERCHANTABILITY or FITNESS FOR A PARTICULAR PURPOSE.

configure:2751: $? = 0
configure:2740: gcc -v >&5
Using built-in specs.
COLLECT_GCC=gcc
COLLECT_LTO_WRAPPER=/usr/lib/gcc/x86_64-linux-gnu/5/lto-wrapper
Target: x86_64-linux-gnu
Configured with: ../src/configure -v --with-pkgversion='Ubuntu 5.2.1-22ubuntu2' --with-bugurl=file:///usr/share/doc/gcc-5/README.Bugs --enable-languages=c,ada,c++,java,go,d,fortran,objc,obj-c++ --prefix=/usr --program-suffix=-5 --enable-shared --enable-linker-build-id --libexecdir=/usr/lib --without-included-gettext --enable-threads=posix --libdir=/usr/lib --enable-nls --with-sysroot=/ --enable-clocale=gnu --enable-libstdcxx-debug --enable-libstdcxx-time=yes --with-default-libstdcxx-abi=new --enable-gnu-unique-object --disable-vtable-verify --enable-libmpx --enable-plugin --with-system-zlib --disable-browser-plugin --enable-java-awt=gtk --enable-gtk-cairo --with-java-home=/usr/lib/jvm/java-1.5.0-gcj-5-amd64/jre --enable-java-home --with-jvm-root-dir=/usr/lib/jvm/java-1.5.0-gcj-5-amd64 --with-jvm-jar-dir=/usr/lib/jvm-exports/java-1.5.0-gcj-5-amd64 --with-arch-directory=amd64 --with-ecj-jar=/usr/share/java/eclipse-ecj.jar --enable-objc-gc --enable-multiarch --disable-werror --with-arch-32=i686 --with-abi=m64 --with-multilib-list=m32,m64,mx32 --enable-multilib --with-tune=generic --enable-checking=release --build=x86_64-linux-gnu --host=x86_64-linux-gnu --target=x86_64-linux-gnu
Thread model: posix
gcc version 5.2.1 20151010 (Ubuntu 5.2.1-22ubuntu2) 
configure:2751: $? = 0
configure:2740: gcc -V >&5
gcc: error: unrecognized command line option '-V'
gcc: fatal error: no input files
compilation terminated.
configure:2751: $? = 1
configure:2740: gcc -qversion >&5
gcc: error: unrecognized command line option '-qversion'
gcc: fatal error: no input files
compilation terminated.
configure:2751: $? = 1
configure:2771: checking whether the C compiler works
configure:2793: gcc    conftest.c  >&5
configure:2797: $? = 0
configure:2845: result: yes
configure:2848: checking for C compiler default output file name
configure:2850: result: a.out
configure:2856: checking for suffix of executables
configure:2863: gcc -o conftest    conftest.c  >&5
configure:2867: $? = 0
configure:2889: result: 
configure:2911: checking whether we are cross compiling
configure:2919: gcc -o conftest    conftest.c  >&5
configure:2923: $? = 0
configure:2930: ./conftest
configure:2934: $? = 0
configure:2949: result: no
configure:2954: checking for suffix of object files
configure:2976: gcc -c   conftest.c >&5
configure:2980: $? = 0
configure:3001: result: o
configure:3005: checking whether we are using the GNU C compiler
configure:3024: gcc -c   conftest.c >&5
configure:3024: $? = 0
configure:3033: result: yes
configure:3042: checking whether gcc accepts -g
configure:3062: gcc -c -g  conftest.c >&5
configure:3062: $? = 0
configure:3103: result: yes
configure:3120: checking for gcc option to accept ISO C89
configure:3183: gcc  -c -g -O2  conftest.c >&5
configure:3183: $? = 0
configure:3196: result: none needed
configure:3221: checking whether gcc understands -c and -o together
configure:3243: gcc -c conftest.c -o conftest2.o
configure:3246: $? = 0
configure:3243: gcc -c conftest.c -o conftest2.o
configure:3246: $? = 0
configure:3258: result: yes
configure:3286: checking for style of include used by make
configure:3314: result: GNU
configure:3340: checking dependency style of gcc
configure:3451: result: gcc3
configure:3578: checking that generated files are newer than configure
configure:3584: result: done
configure:3611: creating ./config.status

## ---------------------- ##
## Running config.status. ##
## ---------------------- ##

This file was extended by lsscsi config.status 0.29, which was
generated by GNU Autoconf 2.69.  Invocation command line was

  CONFIG_FILES    = 
  CONFIG_HEADERS  = 
  CONFIG_LINKS    = 
  CONFIG_COMMANDS = 
  $ ./config.status 

on prima

config.status:844: creating Makefile
config.status:844: creating src/Makefile
config.status:844: creating doc/Makefile
config.status:844: creating config.h
config.status:1073: executing depfiles commands

## ---------------- ##
## Cache variables. ##
## ---------------- ##

ac_cv_c_compiler_gnu=yes
ac_cv_env_CC_set=
ac_cv_env_CC_value=
ac_cv_env_CFLAGS_set=
ac_cv_env_CFLAGS_value=
ac_cv_env_CPPFLAGS_set=
ac_cv_env_CPPFLAGS_value=
ac_cv_env_LDFLAGS_set=
ac_cv_env_LDFLAGS_value=
ac_cv_env_LIBS_set=
ac_cv_env_LIBS_value=
ac_cv_env_build_alias_set=
ac_cv_env_build_alias_value=
ac_cv_env_host_alias_set=
ac_cv_env_host_alias_value=
ac_cv_env_target_alias_set=
ac_cv_env_target_alias_value=
ac_cv_objext=o
ac_cv_path_install='/usr/bin/install -c'
ac_cv_path_mkdir=/bin/mkdir
ac_cv_prog_AWK=gawk
ac_cv_prog_ac_ct_CC=gcc
ac_cv_prog_cc_c89=
ac_cv_prog_cc_g=yes
ac_cv_prog_make_make_set=yes
am_cv_CC_dependencies_compiler_type=gcc3
am_cv_make_support_nested_variables=yes
am_cv_prog_cc_c_o=yes

## ----------------- ##
## Output variables. ##
## ----------------- ##

ACLOCAL='aclocal-1.14'
AMDEPBACKSLASH='\'
AMDEP_FALSE='#'
AMDEP_TRUE=''
AMTAR='$${TAR-tar}'
AM_BACKSLASH='\'
AM_DEFAULT_V='$(AM_DEFAULT_VERBOSITY)'
AM_DEFAULT_VERBOSITY='1'
AM_V='$(V)'
AUTOCONF='autoconf'
AUTOHEADER='autoheader'
AUTOMAKE='automake-1.14'
AWK='gawk'
CC='gcc'
CCDEPMODE='depmode=gcc3'
CFLAGS='-g -O2'
CPPFLAGS=''
CYGPATH_W='echo'
DEFS='-DHAVE_CONFIG_H'
DEPDIR='.deps'
ECHO_C=''
ECHO_N='-n'
ECHO_T=''
EXEEXT=''
INSTALL_DATA='${INSTALL} -m 644'
INSTALL_PROGRAM='${INSTALL}'
INSTALL_SCRIPT='${INSTALL}'
INSTALL_STRIP_PROGRAM='$(install_sh) -c -s'
LDFLAGS=''
LIBOBJS=''
LIBS=''
LTLIBOBJS=''
MAINT='#'
MAINTAINER_MODE_FALSE=''
MAINTAINER_MODE_TRUE='#'
MAKEINFO='makeinfo'
MKDIR_P='/bin/mkdir -p'
OBJEXT='o'
PACKAGE='lsscsi'
PACKAGE_BUGREPORT='dgilbert@interlog.com'
PACKAGE_NAME='lsscsi'
PACKAGE_STRING='lsscsi 0.29'
PACKAGE_TARNAME='lsscsi'
PACKAGE_URL=''
PACKAGE_VERSION='0.29'
PATH_SEPARATOR=':'
SET_MAKE=''
SHELL='/bin/bash'
STRIP=''
VERSION='0.29'
ac_ct_CC='gcc'
am__EXEEXT_FALSE=''
am__EXEEXT_TRUE='#'
am__fastdepCC_FALSE='#'
am__fastdepCC_TRUE=''
am__include='include'
am__isrc=''
am__leading_dot='.'
am__nodep='_no'
am__quote=''
am__tar='$${TAR-tar} chof - "$$tardir"'
am__untar='$${TAR-tar} xf -'
bindir='${exec_prefix}/bin'
build_alias=''
datadir='${datarootdir}'
datarootdir='${prefix}/share'
docdir='${datarootdir}/doc/${PACKAGE_TARNAME}'
dvidir='${docdir}'
exec_prefix='${prefix}'
host_alias=''
htmldir='${docdir}'
includedir='${prefix}/include'
infodir='${datarootdir}/info'
install_sh='${SHELL} /home/proteus/b-scratch/disk/lsscsi-0.29b1r122/install-sh'
libdir='${exec_prefix}/lib'
libexecdir='${exec_prefix}/libexec'
localedir='${datarootdir}/locale'
localstatedir='${prefix}/var'
mandir='${datarootdir}/man'
mkdir_p='$(MKDIR_P)'
oldincludedir='/usr/include'
pdfdir='${docdir}'
prefix='/usr/local'
program_transform_name='s,x,x,'
psdir='${docdir}'
sbindir='${exec_prefix}/sbin'
sharedstatedir='${prefix}/com'
sysconfdir='${prefix}/etc'
target_alias=''

## ----------- ##
## confdefs.h. ##
## ----------- ##

/* confdefs.h */
#define PACKAGE_NAME "lsscsi"
#define PACKAGE_TARNAME "lsscsi"
#define PACKAGE_VERSION "0.29"
#define PACKAGE_STRING "lsscsi 0.29"
#define PACKAGE_BUGREPORT "dgilbert@interlog.com"
#define PACKAGE_URL ""
#define PACKAGE "lsscsi"
#define VERSION "0.29"

configure: exit 0
