This file contains any messages produced by compilers while
running configure, to aid debugging if configure makes a mistake.

It was created by sdparm configure 1.10, which was
generated by GNU Autoconf 2.69.  Invocation command line was

  $ ./configure 

## --------- ##
## Platform. ##
## --------- ##

hostname = prima
uname -m = x86_64
uname -r = 4.2.0-27-generic
uname -s = Linux
uname -v = #32-Ubuntu SMP Fri Jan 22 04:49:08 UTC 2016

/usr/bin/uname -p = unknown
/bin/uname -X     = unknown

/bin/arch              = unknown
/usr/bin/arch -k       = unknown
/usr/convex/getsysinfo = unknown
/usr/bin/hostinfo      = unknown
/bin/machine           = unknown
/usr/bin/oslevel       = unknown
/bin/universe          = unknown

PATH: /usr/local/sbin
PATH: /usr/local/bin
PATH: /usr/sbin
PATH: /usr/bin
PATH: /sbin
PATH: /bin


## ----------- ##
## Core tests. ##
## ----------- ##

configure:2105: checking for a BSD-compatible install
configure:2173: result: /usr/bin/install -c
configure:2184: checking whether build environment is sane
configure:2239: result: yes
configure:2390: checking for a thread-safe mkdir -p
configure:2429: result: /bin/mkdir -p
configure:2436: checking for gawk
configure:2452: found /usr/bin/gawk
configure:2463: result: gawk
configure:2474: checking whether make sets $(MAKE)
configure:2496: result: yes
configure:2525: checking whether make supports nested variables
configure:2542: result: yes
configure:2669: checking whether to enable maintainer-specific portions of Makefiles
configure:2678: result: no
configure:2742: checking for gcc
configure:2758: found /usr/bin/gcc
configure:2769: result: gcc
configure:2998: checking for C compiler version
configure:3007: gcc --version >&5
gcc (Ubuntu 5.2.1-22ubuntu2) 5.2.1 20151010
Copyright (C) 2015 Free Software Foundation, Inc.
This is free software; see the source for copying conditions.  There is NO
warranty; not even for MERCHANTABILITY or FITNESS FOR A PARTICULAR PURPOSE.

configure:3018: $? = 0
configure:3007: gcc -v >&5
Using built-in specs.
COLLECT_GCC=gcc
COLLECT_LTO_WRAPPER=/usr/lib/gcc/x86_64-linux-gnu/5/lto-wrapper
Target: x86_64-linux-gnu
Configured with: ../src/configure -v --with-pkgversion='Ubuntu 5.2.1-22ubuntu2' --with-bugurl=file:///usr/share/doc/gcc-5/README.Bugs --enable-languages=c,ada,c++,java,go,d,fortran,objc,obj-c++ --prefix=/usr --program-suffix=-5 --enable-shared --enable-linker-build-id --libexecdir=/usr/lib --without-included-gettext --enable-threads=posix --libdir=/usr/lib --enable-nls --with-sysroot=/ --enable-clocale=gnu --enable-libstdcxx-debug --enable-libstdcxx-time=yes --with-default-libstdcxx-abi=new --enable-gnu-unique-object --disable-vtable-verify --enable-libmpx --enable-plugin --with-system-zlib --disable-browser-plugin --enable-java-awt=gtk --enable-gtk-cairo --with-java-home=/usr/lib/jvm/java-1.5.0-gcj-5-amd64/jre --enable-java-home --with-jvm-root-dir=/usr/lib/jvm/java-1.5.0-gcj-5-amd64 --with-jvm-jar-dir=/usr/lib/jvm-exports/java-1.5.0-gcj-5-amd64 --with-arch-directory=amd64 --with-ecj-jar=/usr/share/java/eclipse-ecj.jar --enable-objc-gc --enable-multiarch --disable-werror --with-arch-32=i686 --with-abi=m64 --with-multilib-list=m32,m64,mx32 --enable-multilib --with-tune=generic --enable-checking=release --build=x86_64-linux-gnu --host=x86_64-linux-gnu --target=x86_64-linux-gnu
Thread model: posix
gcc version 5.2.1 20151010 (Ubuntu 5.2.1-22ubuntu2) 
configure:3018: $? = 0
configure:3007: gcc -V >&5
gcc: error: unrecognized command line option '-V'
gcc: fatal error: no input files
compilation terminated.
configure:3018: $? = 1
configure:3007: gcc -qversion >&5
gcc: error: unrecognized command line option '-qversion'
gcc: fatal error: no input files
compilation terminated.
configure:3018: $? = 1
configure:3038: checking whether the C compiler works
configure:3060: gcc    conftest.c  >&5
configure:3064: $? = 0
configure:3112: result: yes
configure:3115: checking for C compiler default output file name
configure:3117: result: a.out
configure:3123: checking for suffix of executables
configure:3130: gcc -o conftest    conftest.c  >&5
configure:3134: $? = 0
configure:3156: result: 
configure:3178: checking whether we are cross compiling
configure:3186: gcc -o conftest    conftest.c  >&5
configure:3190: $? = 0
configure:3197: ./conftest
configure:3201: $? = 0
configure:3216: result: no
configure:3221: checking for suffix of object files
configure:3243: gcc -c   conftest.c >&5
configure:3247: $? = 0
configure:3268: result: o
configure:3272: checking whether we are using the GNU C compiler
configure:3291: gcc -c   conftest.c >&5
configure:3291: $? = 0
configure:3300: result: yes
configure:3309: checking whether gcc accepts -g
configure:3329: gcc -c -g  conftest.c >&5
configure:3329: $? = 0
configure:3370: result: yes
configure:3387: checking for gcc option to accept ISO C89
configure:3450: gcc  -c -g -O2  conftest.c >&5
configure:3450: $? = 0
configure:3463: result: none needed
configure:3488: checking whether gcc understands -c and -o together
configure:3510: gcc -c conftest.c -o conftest2.o
configure:3513: $? = 0
configure:3510: gcc -c conftest.c -o conftest2.o
configure:3513: $? = 0
configure:3525: result: yes
configure:3553: checking for style of include used by make
configure:3581: result: GNU
configure:3607: checking dependency style of gcc
configure:3718: result: gcc3
configure:3743: checking how to run the C preprocessor
configure:3774: gcc -E  conftest.c
configure:3774: $? = 0
configure:3788: gcc -E  conftest.c
conftest.c:11:28: fatal error: ac_nonexistent.h: No such file or directory
compilation terminated.
configure:3788: $? = 1
configure: failed program was:
| /* confdefs.h */
| #define PACKAGE_NAME "sdparm"
| #define PACKAGE_TARNAME "sdparm"
| #define PACKAGE_VERSION "1.10"
| #define PACKAGE_STRING "sdparm 1.10"
| #define PACKAGE_BUGREPORT "dgilbert@interlog.com"
| #define PACKAGE_URL ""
| #define PACKAGE "sdparm"
| #define VERSION "1.10"
| /* end confdefs.h.  */
| #include <ac_nonexistent.h>
configure:3813: result: gcc -E
configure:3833: gcc -E  conftest.c
configure:3833: $? = 0
configure:3847: gcc -E  conftest.c
conftest.c:11:28: fatal error: ac_nonexistent.h: No such file or directory
compilation terminated.
configure:3847: $? = 1
configure: failed program was:
| /* confdefs.h */
| #define PACKAGE_NAME "sdparm"
| #define PACKAGE_TARNAME "sdparm"
| #define PACKAGE_VERSION "1.10"
| #define PACKAGE_STRING "sdparm 1.10"
| #define PACKAGE_BUGREPORT "dgilbert@interlog.com"
| #define PACKAGE_URL ""
| #define PACKAGE "sdparm"
| #define VERSION "1.10"
| /* end confdefs.h.  */
| #include <ac_nonexistent.h>
configure:3876: checking for grep that handles long lines and -e
configure:3934: result: /bin/grep
configure:3939: checking for egrep
configure:4001: result: /bin/grep -E
configure:4006: checking for ANSI C header files
configure:4026: gcc -c -g -O2  conftest.c >&5
configure:4026: $? = 0
configure:4099: gcc -o conftest -g -O2   conftest.c  >&5
configure:4099: $? = 0
configure:4099: ./conftest
configure:4099: $? = 0
configure:4110: result: yes
configure:4121: checking for linux/types.h
configure:4121: gcc -c -g -O2  conftest.c >&5
configure:4121: $? = 0
configure:4121: result: yes
configure:4121: checking for linux/bsg.h
configure:4121: gcc -c -g -O2  conftest.c >&5
configure:4121: $? = 0
configure:4121: result: yes
configure:4121: checking for linux/kdev_t.h
configure:4121: gcc -c -g -O2  conftest.c >&5
configure:4121: $? = 0
configure:4121: result: yes
configure:4138: checking for getopt_long
configure:4138: gcc -o conftest -g -O2   conftest.c  >&5
configure:4138: $? = 0
configure:4138: result: yes
configure:4155: checking build system type
configure:4169: result: x86_64-unknown-linux-gnu
configure:4189: checking host system type
configure:4202: result: x86_64-unknown-linux-gnu
configure:4407: checking for sg_ll_inquiry in -lsgutils2
configure:4432: gcc -o conftest -g -O2   conftest.c -lsgutils2   >&5
/usr/bin/ld: cannot find -lsgutils2
collect2: error: ld returned 1 exit status
configure:4432: $? = 1
configure: failed program was:
| /* confdefs.h */
| #define PACKAGE_NAME "sdparm"
| #define PACKAGE_TARNAME "sdparm"
| #define PACKAGE_VERSION "1.10"
| #define PACKAGE_STRING "sdparm 1.10"
| #define PACKAGE_BUGREPORT "dgilbert@interlog.com"
| #define PACKAGE_URL ""
| #define PACKAGE "sdparm"
| #define VERSION "1.10"
| #define STDC_HEADERS 1
| #define HAVE_LINUX_TYPES_H 1
| #define HAVE_LINUX_BSG_H 1
| #define HAVE_LINUX_KDEV_T_H 1
| #define HAVE_GETOPT_LONG 1
| #define SG_LIB_BUILD_HOST "x86_64-unknown-linux-gnu"
| #define SG_LIB_LINUX 1
| /* end confdefs.h.  */
| 
| /* Override any GCC internal prototype to avoid an error.
|    Use char because int might match the return type of a GCC
|    builtin and then its argument prototype would still apply.  */
| #ifdef __cplusplus
| extern "C"
| #endif
| char sg_ll_inquiry ();
| int
| main ()
| {
| return sg_ll_inquiry ();
|   ;
|   return 0;
| }
configure:4441: result: no
configure:4584: checking that generated files are newer than configure
configure:4590: result: done
configure:4645: creating ./config.status

## ---------------------- ##
## Running config.status. ##
## ---------------------- ##

This file was extended by sdparm config.status 1.10, which was
generated by GNU Autoconf 2.69.  Invocation command line was

  CONFIG_FILES    = 
  CONFIG_HEADERS  = 
  CONFIG_LINKS    = 
  CONFIG_COMMANDS = 
  $ ./config.status 

on prima

config.status:883: creating Makefile
config.status:883: creating src/Makefile
config.status:883: creating doc/Makefile
config.status:883: creating scripts/Makefile
config.status:883: creating config.h
config.status:1112: executing depfiles commands

## ---------------- ##
## Cache variables. ##
## ---------------- ##

ac_cv_build=x86_64-unknown-linux-gnu
ac_cv_c_compiler_gnu=yes
ac_cv_env_CC_set=
ac_cv_env_CC_value=
ac_cv_env_CFLAGS_set=
ac_cv_env_CFLAGS_value=
ac_cv_env_CPPFLAGS_set=
ac_cv_env_CPPFLAGS_value=
ac_cv_env_CPP_set=
ac_cv_env_CPP_value=
ac_cv_env_LDFLAGS_set=
ac_cv_env_LDFLAGS_value=
ac_cv_env_LIBS_set=
ac_cv_env_LIBS_value=
ac_cv_env_build_alias_set=
ac_cv_env_build_alias_value=
ac_cv_env_host_alias_set=
ac_cv_env_host_alias_value=
ac_cv_env_target_alias_set=
ac_cv_env_target_alias_value=
ac_cv_func_getopt_long=yes
ac_cv_header_linux_bsg_h=yes
ac_cv_header_linux_kdev_t_h=yes
ac_cv_header_linux_types_h=yes
ac_cv_header_stdc=yes
ac_cv_host=x86_64-unknown-linux-gnu
ac_cv_lib_sgutils2_sg_ll_inquiry=no
ac_cv_objext=o
ac_cv_path_EGREP='/bin/grep -E'
ac_cv_path_GREP=/bin/grep
ac_cv_path_install='/usr/bin/install -c'
ac_cv_path_mkdir=/bin/mkdir
ac_cv_prog_AWK=gawk
ac_cv_prog_CPP='gcc -E'
ac_cv_prog_ac_ct_CC=gcc
ac_cv_prog_cc_c89=
ac_cv_prog_cc_g=yes
ac_cv_prog_make_make_set=yes
am_cv_CC_dependencies_compiler_type=gcc3
am_cv_make_support_nested_variables=yes
am_cv_prog_cc_c_o=yes

## ----------------- ##
## Output variables. ##
## ----------------- ##

ACLOCAL='${SHELL} /home/proteus/b-scratch/disk/sdparm-1.10b3r276/missing aclocal-1.15'
AMDEPBACKSLASH='\'
AMDEP_FALSE='#'
AMDEP_TRUE=''
AMTAR='$${TAR-tar}'
AM_BACKSLASH='\'
AM_DEFAULT_V='$(AM_DEFAULT_VERBOSITY)'
AM_DEFAULT_VERBOSITY='1'
AM_V='$(V)'
AUTOCONF='${SHELL} /home/proteus/b-scratch/disk/sdparm-1.10b3r276/missing autoconf'
AUTOHEADER='${SHELL} /home/proteus/b-scratch/disk/sdparm-1.10b3r276/missing autoheader'
AUTOMAKE='${SHELL} /home/proteus/b-scratch/disk/sdparm-1.10b3r276/missing automake-1.15'
AWK='gawk'
CC='gcc'
CCDEPMODE='depmode=gcc3'
CFLAGS='-g -O2'
CPP='gcc -E'
CPPFLAGS=''
CYGPATH_W='echo'
DEFS='-DHAVE_CONFIG_H'
DEPDIR='.deps'
ECHO_C=''
ECHO_N='-n'
ECHO_T=''
EGREP='/bin/grep -E'
EXEEXT=''
GETOPT_O_FILES=''
GREP='/bin/grep'
HAVE_SGUTILS_FALSE=''
HAVE_SGUTILS_TRUE='#'
INSTALL_DATA='${INSTALL} -m 644'
INSTALL_PROGRAM='${INSTALL}'
INSTALL_SCRIPT='${INSTALL}'
INSTALL_STRIP_PROGRAM='$(install_sh) -c -s'
LDFLAGS=''
LIBOBJS=''
LIBS=''
LTLIBOBJS=''
MAINT='#'
MAINTAINER_MODE_FALSE=''
MAINTAINER_MODE_TRUE='#'
MAKEINFO='${SHELL} /home/proteus/b-scratch/disk/sdparm-1.10b3r276/missing makeinfo'
MKDIR_P='/bin/mkdir -p'
OBJEXT='o'
OS_FREEBSD_FALSE=''
OS_FREEBSD_TRUE='#'
OS_LINUX_FALSE='#'
OS_LINUX_TRUE=''
OS_OSF_FALSE=''
OS_OSF_TRUE='#'
OS_SOLARIS_FALSE=''
OS_SOLARIS_TRUE='#'
OS_WIN32_CYGWIN_FALSE=''
OS_WIN32_CYGWIN_TRUE='#'
OS_WIN32_MINGW_FALSE=''
OS_WIN32_MINGW_TRUE='#'
PACKAGE='sdparm'
PACKAGE_BUGREPORT='dgilbert@interlog.com'
PACKAGE_NAME='sdparm'
PACKAGE_STRING='sdparm 1.10'
PACKAGE_TARNAME='sdparm'
PACKAGE_URL=''
PACKAGE_VERSION='1.10'
PATH_SEPARATOR=':'
SET_MAKE=''
SGUTILS_LIBS=''
SHELL='/bin/bash'
STRIP=''
VERSION='1.10'
ac_ct_CC='gcc'
am__EXEEXT_FALSE=''
am__EXEEXT_TRUE='#'
am__fastdepCC_FALSE='#'
am__fastdepCC_TRUE=''
am__include='include'
am__isrc=''
am__leading_dot='.'
am__nodep='_no'
am__quote=''
am__tar='$${TAR-tar} chof - "$$tardir"'
am__untar='$${TAR-tar} xf -'
bindir='${exec_prefix}/bin'
build='x86_64-unknown-linux-gnu'
build_alias=''
build_cpu='x86_64'
build_os='linux-gnu'
build_vendor='unknown'
datadir='${datarootdir}'
datarootdir='${prefix}/share'
docdir='${datarootdir}/doc/${PACKAGE_TARNAME}'
dvidir='${docdir}'
exec_prefix='${prefix}'
host='x86_64-unknown-linux-gnu'
host_alias=''
host_cpu='x86_64'
host_os='linux-gnu'
host_vendor='unknown'
htmldir='${docdir}'
includedir='${prefix}/include'
infodir='${datarootdir}/info'
install_sh='${SHELL} /home/proteus/b-scratch/disk/sdparm-1.10b3r276/install-sh'
libdir='${exec_prefix}/lib'
libexecdir='${exec_prefix}/libexec'
localedir='${datarootdir}/locale'
localstatedir='${prefix}/var'
mandir='${datarootdir}/man'
mkdir_p='$(MKDIR_P)'
oldincludedir='/usr/include'
os_cflags=''
os_deps='sg_pt_linux.o'
os_libs=''
pdfdir='${docdir}'
prefix='/usr/local'
program_transform_name='s,x,x,'
psdir='${docdir}'
sbindir='${exec_prefix}/sbin'
sharedstatedir='${prefix}/com'
sysconfdir='${prefix}/etc'
target_alias=''

## ----------- ##
## confdefs.h. ##
## ----------- ##

/* confdefs.h */
#define PACKAGE_NAME "sdparm"
#define PACKAGE_TARNAME "sdparm"
#define PACKAGE_VERSION "1.10"
#define PACKAGE_STRING "sdparm 1.10"
#define PACKAGE_BUGREPORT "dgilbert@interlog.com"
#define PACKAGE_URL ""
#define PACKAGE "sdparm"
#define VERSION "1.10"
#define STDC_HEADERS 1
#define HAVE_LINUX_TYPES_H 1
#define HAVE_LINUX_BSG_H 1
#define HAVE_LINUX_KDEV_T_H 1
#define HAVE_GETOPT_LONG 1
#define SG_LIB_BUILD_HOST "x86_64-unknown-linux-gnu"
#define SG_LIB_LINUX 1
#define SG_SCSI_STRINGS 1

configure: exit 0
