This file contains any messages produced by compilers while
running configure, to aid debugging if configure makes a mistake.

It was created by ddpt configure 0.95, which was
generated by GNU Autoconf 2.69.  Invocation command line was

  $ ./configure 

## --------- ##
## Platform. ##
## --------- ##

hostname = prima
uname -m = x86_64
uname -r = 4.2.0-27-generic
uname -s = Linux
uname -v = #32-Ubuntu SMP Fri Jan 22 04:49:08 UTC 2016

/usr/bin/uname -p = unknown
/bin/uname -X     = unknown

/bin/arch              = unknown
/usr/bin/arch -k       = unknown
/usr/convex/getsysinfo = unknown
/usr/bin/hostinfo      = unknown
/bin/machine           = unknown
/usr/bin/oslevel       = unknown
/bin/universe          = unknown

PATH: /usr/local/sbin
PATH: /usr/local/bin
PATH: /usr/sbin
PATH: /usr/bin
PATH: /sbin
PATH: /bin


## ----------- ##
## Core tests. ##
## ----------- ##

configure:2103: checking for a BSD-compatible install
configure:2171: result: /usr/bin/install -c
configure:2182: checking whether build environment is sane
configure:2237: result: yes
configure:2388: checking for a thread-safe mkdir -p
configure:2427: result: /bin/mkdir -p
configure:2434: checking for gawk
configure:2450: found /usr/bin/gawk
configure:2461: result: gawk
configure:2472: checking whether make sets $(MAKE)
configure:2494: result: yes
configure:2523: checking whether make supports nested variables
configure:2540: result: yes
configure:2666: checking whether to enable maintainer-specific portions of Makefiles
configure:2675: result: no
configure:2739: checking for gcc
configure:2755: found /usr/bin/gcc
configure:2766: result: gcc
configure:2995: checking for C compiler version
configure:3004: gcc --version >&5
gcc (Ubuntu 5.2.1-22ubuntu2) 5.2.1 20151010
Copyright (C) 2015 Free Software Foundation, Inc.
This is free software; see the source for copying conditions.  There is NO
warranty; not even for MERCHANTABILITY or FITNESS FOR A PARTICULAR PURPOSE.

configure:3015: $? = 0
configure:3004: gcc -v >&5
Using built-in specs.
COLLECT_GCC=gcc
COLLECT_LTO_WRAPPER=/usr/lib/gcc/x86_64-linux-gnu/5/lto-wrapper
Target: x86_64-linux-gnu
Configured with: ../src/configure -v --with-pkgversion='Ubuntu 5.2.1-22ubuntu2' --with-bugurl=file:///usr/share/doc/gcc-5/README.Bugs --enable-languages=c,ada,c++,java,go,d,fortran,objc,obj-c++ --prefix=/usr --program-suffix=-5 --enable-shared --enable-linker-build-id --libexecdir=/usr/lib --without-included-gettext --enable-threads=posix --libdir=/usr/lib --enable-nls --with-sysroot=/ --enable-clocale=gnu --enable-libstdcxx-debug --enable-libstdcxx-time=yes --with-default-libstdcxx-abi=new --enable-gnu-unique-object --disable-vtable-verify --enable-libmpx --enable-plugin --with-system-zlib --disable-browser-plugin --enable-java-awt=gtk --enable-gtk-cairo --with-java-home=/usr/lib/jvm/java-1.5.0-gcj-5-amd64/jre --enable-java-home --with-jvm-root-dir=/usr/lib/jvm/java-1.5.0-gcj-5-amd64 --with-jvm-jar-dir=/usr/lib/jvm-exports/java-1.5.0-gcj-5-amd64 --with-arch-directory=amd64 --with-ecj-jar=/usr/share/java/eclipse-ecj.jar --enable-objc-gc --enable-multiarch --disable-werror --with-arch-32=i686 --with-abi=m64 --with-multilib-list=m32,m64,mx32 --enable-multilib --with-tune=generic --enable-checking=release --build=x86_64-linux-gnu --host=x86_64-linux-gnu --target=x86_64-linux-gnu
Thread model: posix
gcc version 5.2.1 20151010 (Ubuntu 5.2.1-22ubuntu2) 
configure:3015: $? = 0
configure:3004: gcc -V >&5
gcc: error: unrecognized command line option '-V'
gcc: fatal error: no input files
compilation terminated.
configure:3015: $? = 1
configure:3004: gcc -qversion >&5
gcc: error: unrecognized command line option '-qversion'
gcc: fatal error: no input files
compilation terminated.
configure:3015: $? = 1
configure:3035: checking whether the C compiler works
configure:3057: gcc    conftest.c  >&5
configure:3061: $? = 0
configure:3109: result: yes
configure:3112: checking for C compiler default output file name
configure:3114: result: a.out
configure:3120: checking for suffix of executables
configure:3127: gcc -o conftest    conftest.c  >&5
configure:3131: $? = 0
configure:3153: result: 
configure:3175: checking whether we are cross compiling
configure:3183: gcc -o conftest    conftest.c  >&5
configure:3187: $? = 0
configure:3194: ./conftest
configure:3198: $? = 0
configure:3213: result: no
configure:3218: checking for suffix of object files
configure:3240: gcc -c   conftest.c >&5
configure:3244: $? = 0
configure:3265: result: o
configure:3269: checking whether we are using the GNU C compiler
configure:3288: gcc -c   conftest.c >&5
configure:3288: $? = 0
configure:3297: result: yes
configure:3306: checking whether gcc accepts -g
configure:3326: gcc -c -g  conftest.c >&5
configure:3326: $? = 0
configure:3367: result: yes
configure:3384: checking for gcc option to accept ISO C89
configure:3447: gcc  -c -g -O2  conftest.c >&5
configure:3447: $? = 0
configure:3460: result: none needed
configure:3485: checking whether gcc understands -c and -o together
configure:3507: gcc -c conftest.c -o conftest2.o
configure:3510: $? = 0
configure:3507: gcc -c conftest.c -o conftest2.o
configure:3510: $? = 0
configure:3522: result: yes
configure:3550: checking for style of include used by make
configure:3578: result: GNU
configure:3604: checking dependency style of gcc
configure:3715: result: gcc3
configure:3740: checking how to run the C preprocessor
configure:3771: gcc -E  conftest.c
configure:3771: $? = 0
configure:3785: gcc -E  conftest.c
conftest.c:11:28: fatal error: ac_nonexistent.h: No such file or directory
compilation terminated.
configure:3785: $? = 1
configure: failed program was:
| /* confdefs.h */
| #define PACKAGE_NAME "ddpt"
| #define PACKAGE_TARNAME "ddpt"
| #define PACKAGE_VERSION "0.95"
| #define PACKAGE_STRING "ddpt 0.95"
| #define PACKAGE_BUGREPORT "dgilbert@interlog.com"
| #define PACKAGE_URL ""
| #define PACKAGE "ddpt"
| #define VERSION "0.95"
| /* end confdefs.h.  */
| #include <ac_nonexistent.h>
configure:3810: result: gcc -E
configure:3830: gcc -E  conftest.c
configure:3830: $? = 0
configure:3844: gcc -E  conftest.c
conftest.c:11:28: fatal error: ac_nonexistent.h: No such file or directory
compilation terminated.
configure:3844: $? = 1
configure: failed program was:
| /* confdefs.h */
| #define PACKAGE_NAME "ddpt"
| #define PACKAGE_TARNAME "ddpt"
| #define PACKAGE_VERSION "0.95"
| #define PACKAGE_STRING "ddpt 0.95"
| #define PACKAGE_BUGREPORT "dgilbert@interlog.com"
| #define PACKAGE_URL ""
| #define PACKAGE "ddpt"
| #define VERSION "0.95"
| /* end confdefs.h.  */
| #include <ac_nonexistent.h>
configure:3873: checking for grep that handles long lines and -e
configure:3931: result: /bin/grep
configure:3936: checking for egrep
configure:3998: result: /bin/grep -E
configure:4003: checking for ANSI C header files
configure:4023: gcc -c -g -O2  conftest.c >&5
configure:4023: $? = 0
configure:4096: gcc -o conftest -g -O2   conftest.c  >&5
configure:4096: $? = 0
configure:4096: ./conftest
configure:4096: $? = 0
configure:4107: result: yes
configure:4118: checking for linux/types.h
configure:4118: gcc -c -g -O2  conftest.c >&5
configure:4118: $? = 0
configure:4118: result: yes
configure:4118: checking for linux/bsg.h
configure:4118: gcc -c -g -O2  conftest.c >&5
configure:4118: $? = 0
configure:4118: result: yes
configure:4118: checking for linux/kdev_t.h
configure:4118: gcc -c -g -O2  conftest.c >&5
configure:4118: $? = 0
configure:4118: result: yes
configure:4135: checking for posix_fadvise
configure:4135: gcc -o conftest -g -O2   conftest.c  >&5
configure:4135: $? = 0
configure:4135: result: yes
configure:4146: checking for fsync
configure:4146: gcc -o conftest -g -O2   conftest.c  >&5
configure:4146: $? = 0
configure:4146: result: yes
configure:4157: checking for fdatasync
configure:4157: gcc -o conftest -g -O2   conftest.c  >&5
configure:4157: $? = 0
configure:4157: result: yes
configure:4166: checking for clock_gettime in -lrt
configure:4191: gcc -o conftest -g -O2   conftest.c -lrt   >&5
configure:4191: $? = 0
configure:4200: result: yes
configure:4210: checking for clock_gettime in -lrt
configure:4244: result: yes
configure:4257: checking for clock_gettime
configure:4257: gcc -o conftest -g -O2   conftest.c -lrt  >&5
configure:4257: $? = 0
configure:4257: result: yes
configure:4268: checking for gettimeofday
configure:4268: gcc -o conftest -g -O2   conftest.c -lrt  >&5
configure:4268: $? = 0
configure:4268: result: yes
configure:4279: checking for nanosleep
configure:4279: gcc -o conftest -g -O2   conftest.c -lrt  >&5
configure:4279: $? = 0
configure:4279: result: yes
configure:4290: checking for siginterrupt
configure:4290: gcc -o conftest -g -O2   conftest.c -lrt  >&5
configure:4290: $? = 0
configure:4290: result: yes
configure:4301: checking for fallocate
configure:4301: gcc -o conftest -g -O2   conftest.c -lrt  >&5
configure:4301: $? = 0
configure:4301: result: yes
configure:4312: checking for posix_fallocate
configure:4312: gcc -o conftest -g -O2   conftest.c -lrt  >&5
configure:4312: $? = 0
configure:4312: result: yes
configure:4323: checking for posix_memalign
configure:4323: gcc -o conftest -g -O2   conftest.c -lrt  >&5
conftest.c:48:6: warning: conflicting types for built-in function 'posix_memalign'
 char posix_memalign ();
      ^
configure:4323: $? = 0
configure:4323: result: yes
configure:4334: checking for sysconf
configure:4334: gcc -o conftest -g -O2   conftest.c -lrt  >&5
configure:4334: $? = 0
configure:4334: result: yes
configure:4348: checking build system type
configure:4362: result: x86_64-unknown-linux-gnu
configure:4382: checking host system type
configure:4395: result: x86_64-unknown-linux-gnu
configure:4580: checking for sg_ll_inquiry in -lsgutils2
configure:4605: gcc -o conftest -g -O2   conftest.c -lsgutils2  -lrt  >&5
/usr/bin/ld: cannot find -lsgutils2
collect2: error: ld returned 1 exit status
configure:4605: $? = 1
configure: failed program was:
| /* confdefs.h */
| #define PACKAGE_NAME "ddpt"
| #define PACKAGE_TARNAME "ddpt"
| #define PACKAGE_VERSION "0.95"
| #define PACKAGE_STRING "ddpt 0.95"
| #define PACKAGE_BUGREPORT "dgilbert@interlog.com"
| #define PACKAGE_URL ""
| #define PACKAGE "ddpt"
| #define VERSION "0.95"
| #define STDC_HEADERS 1
| #define HAVE_LINUX_TYPES_H 1
| #define HAVE_LINUX_BSG_H 1
| #define HAVE_LINUX_KDEV_T_H 1
| #define HAVE_POSIX_FADVISE 1
| #define HAVE_FSYNC 1
| #define HAVE_FDATASYNC 1
| #define HAVE_LIBRT 1
| #define HAVE_CLOCK_GETTIME 1
| #define HAVE_GETTIMEOFDAY 1
| #define HAVE_NANOSLEEP 1
| #define HAVE_SIGINTERRUPT 1
| #define HAVE_FALLOCATE 1
| #define HAVE_POSIX_FALLOCATE 1
| #define HAVE_POSIX_MEMALIGN 1
| #define HAVE_SYSCONF 1
| #define SG_LIB_BUILD_HOST "x86_64-unknown-linux-gnu"
| #define SG_LIB_LINUX 1
| /* end confdefs.h.  */
| 
| /* Override any GCC internal prototype to avoid an error.
|    Use char because int might match the return type of a GCC
|    builtin and then its argument prototype would still apply.  */
| #ifdef __cplusplus
| extern "C"
| #endif
| char sg_ll_inquiry ();
| int
| main ()
| {
| return sg_ll_inquiry ();
|   ;
|   return 0;
| }
configure:4614: result: no
configure:4757: checking that generated files are newer than configure
configure:4763: result: done
configure:4814: creating ./config.status

## ---------------------- ##
## Running config.status. ##
## ---------------------- ##

This file was extended by ddpt config.status 0.95, which was
generated by GNU Autoconf 2.69.  Invocation command line was

  CONFIG_FILES    = 
  CONFIG_HEADERS  = 
  CONFIG_LINKS    = 
  CONFIG_COMMANDS = 
  $ ./config.status 

on prima

config.status:891: creating Makefile
config.status:891: creating src/Makefile
config.status:891: creating doc/Makefile
config.status:891: creating config.h
config.status:1120: executing depfiles commands

## ---------------- ##
## Cache variables. ##
## ---------------- ##

ac_cv_build=x86_64-unknown-linux-gnu
ac_cv_c_compiler_gnu=yes
ac_cv_env_CC_set=
ac_cv_env_CC_value=
ac_cv_env_CFLAGS_set=
ac_cv_env_CFLAGS_value=
ac_cv_env_CPPFLAGS_set=
ac_cv_env_CPPFLAGS_value=
ac_cv_env_CPP_set=
ac_cv_env_CPP_value=
ac_cv_env_LDFLAGS_set=
ac_cv_env_LDFLAGS_value=
ac_cv_env_LIBS_set=
ac_cv_env_LIBS_value=
ac_cv_env_build_alias_set=
ac_cv_env_build_alias_value=
ac_cv_env_host_alias_set=
ac_cv_env_host_alias_value=
ac_cv_env_target_alias_set=
ac_cv_env_target_alias_value=
ac_cv_func_clock_gettime=yes
ac_cv_func_fallocate=yes
ac_cv_func_fdatasync=yes
ac_cv_func_fsync=yes
ac_cv_func_gettimeofday=yes
ac_cv_func_nanosleep=yes
ac_cv_func_posix_fadvise=yes
ac_cv_func_posix_fallocate=yes
ac_cv_func_posix_memalign=yes
ac_cv_func_siginterrupt=yes
ac_cv_func_sysconf=yes
ac_cv_header_linux_bsg_h=yes
ac_cv_header_linux_kdev_t_h=yes
ac_cv_header_linux_types_h=yes
ac_cv_header_stdc=yes
ac_cv_host=x86_64-unknown-linux-gnu
ac_cv_lib_rt_clock_gettime=yes
ac_cv_lib_sgutils2_sg_ll_inquiry=no
ac_cv_objext=o
ac_cv_path_EGREP='/bin/grep -E'
ac_cv_path_GREP=/bin/grep
ac_cv_path_install='/usr/bin/install -c'
ac_cv_path_mkdir=/bin/mkdir
ac_cv_prog_AWK=gawk
ac_cv_prog_CPP='gcc -E'
ac_cv_prog_ac_ct_CC=gcc
ac_cv_prog_cc_c89=
ac_cv_prog_cc_g=yes
ac_cv_prog_make_make_set=yes
am_cv_CC_dependencies_compiler_type=gcc3
am_cv_make_support_nested_variables=yes
am_cv_prog_cc_c_o=yes

## ----------------- ##
## Output variables. ##
## ----------------- ##

ACLOCAL='${SHELL} /home/proteus/b-scratch/disk/ddpt-0.95/missing aclocal-1.14'
AMDEPBACKSLASH='\'
AMDEP_FALSE='#'
AMDEP_TRUE=''
AMTAR='$${TAR-tar}'
AM_BACKSLASH='\'
AM_DEFAULT_V='$(AM_DEFAULT_VERBOSITY)'
AM_DEFAULT_VERBOSITY='1'
AM_V='$(V)'
AUTOCONF='${SHELL} /home/proteus/b-scratch/disk/ddpt-0.95/missing autoconf'
AUTOHEADER='${SHELL} /home/proteus/b-scratch/disk/ddpt-0.95/missing autoheader'
AUTOMAKE='${SHELL} /home/proteus/b-scratch/disk/ddpt-0.95/missing automake-1.14'
AWK='gawk'
CC='gcc'
CCDEPMODE='depmode=gcc3'
CFLAGS='-g -O2'
CPP='gcc -E'
CPPFLAGS=''
CYGPATH_W='echo'
DEFS='-DHAVE_CONFIG_H'
DEPDIR='.deps'
ECHO_C=''
ECHO_N='-n'
ECHO_T=''
EGREP='/bin/grep -E'
EXEEXT=''
GREP='/bin/grep'
HAVE_SGUTILS_FALSE=''
HAVE_SGUTILS_TRUE='#'
INSTALL_DATA='${INSTALL} -m 644'
INSTALL_PROGRAM='${INSTALL}'
INSTALL_SCRIPT='${INSTALL}'
INSTALL_STRIP_PROGRAM='$(install_sh) -c -s'
LDFLAGS=''
LIBOBJS=''
LIBS='-lrt '
LTLIBOBJS=''
MAINT='#'
MAINTAINER_MODE_FALSE=''
MAINTAINER_MODE_TRUE='#'
MAKEINFO='${SHELL} /home/proteus/b-scratch/disk/ddpt-0.95/missing makeinfo'
MKDIR_P='/bin/mkdir -p'
OBJEXT='o'
OS_FREEBSD_FALSE=''
OS_FREEBSD_TRUE='#'
OS_LINUX_FALSE='#'
OS_LINUX_TRUE=''
OS_SOLARIS_FALSE=''
OS_SOLARIS_TRUE='#'
OS_WIN32_CYGWIN_FALSE=''
OS_WIN32_CYGWIN_TRUE='#'
OS_WIN32_MINGW_FALSE=''
OS_WIN32_MINGW_TRUE='#'
PACKAGE='ddpt'
PACKAGE_BUGREPORT='dgilbert@interlog.com'
PACKAGE_NAME='ddpt'
PACKAGE_STRING='ddpt 0.95'
PACKAGE_TARNAME='ddpt'
PACKAGE_URL=''
PACKAGE_VERSION='0.95'
PATH_SEPARATOR=':'
SET_MAKE=''
SGUTILS_LIBS=''
SHELL='/bin/bash'
STRIP=''
VERSION='0.95'
ac_ct_CC='gcc'
am__EXEEXT_FALSE=''
am__EXEEXT_TRUE='#'
am__fastdepCC_FALSE='#'
am__fastdepCC_TRUE=''
am__include='include'
am__isrc=''
am__leading_dot='.'
am__nodep='_no'
am__quote=''
am__tar='$${TAR-tar} chof - "$$tardir"'
am__untar='$${TAR-tar} xf -'
bindir='${exec_prefix}/bin'
build='x86_64-unknown-linux-gnu'
build_alias=''
build_cpu='x86_64'
build_os='linux-gnu'
build_vendor='unknown'
datadir='${datarootdir}'
datarootdir='${prefix}/share'
docdir='${datarootdir}/doc/${PACKAGE_TARNAME}'
dvidir='${docdir}'
exec_prefix='${prefix}'
host='x86_64-unknown-linux-gnu'
host_alias=''
host_cpu='x86_64'
host_os='linux-gnu'
host_vendor='unknown'
htmldir='${docdir}'
includedir='${prefix}/include'
infodir='${datarootdir}/info'
install_sh='${SHELL} /home/proteus/b-scratch/disk/ddpt-0.95/install-sh'
libdir='${exec_prefix}/lib'
libexecdir='${exec_prefix}/libexec'
localedir='${datarootdir}/locale'
localstatedir='${prefix}/var'
mandir='${datarootdir}/man'
mkdir_p='$(MKDIR_P)'
oldincludedir='/usr/include'
os_cflags=''
os_deps='sg_pt_linux.o'
os_libs=''
pdfdir='${docdir}'
prefix='/usr/local'
program_transform_name='s,x,x,'
psdir='${docdir}'
rt_libs='-lrt'
sbindir='${exec_prefix}/sbin'
sharedstatedir='${prefix}/com'
sysconfdir='${prefix}/etc'
target_alias=''

## ----------- ##
## confdefs.h. ##
## ----------- ##

/* confdefs.h */
#define PACKAGE_NAME "ddpt"
#define PACKAGE_TARNAME "ddpt"
#define PACKAGE_VERSION "0.95"
#define PACKAGE_STRING "ddpt 0.95"
#define PACKAGE_BUGREPORT "dgilbert@interlog.com"
#define PACKAGE_URL ""
#define PACKAGE "ddpt"
#define VERSION "0.95"
#define STDC_HEADERS 1
#define HAVE_LINUX_TYPES_H 1
#define HAVE_LINUX_BSG_H 1
#define HAVE_LINUX_KDEV_T_H 1
#define HAVE_POSIX_FADVISE 1
#define HAVE_FSYNC 1
#define HAVE_FDATASYNC 1
#define HAVE_LIBRT 1
#define HAVE_CLOCK_GETTIME 1
#define HAVE_GETTIMEOFDAY 1
#define HAVE_NANOSLEEP 1
#define HAVE_SIGINTERRUPT 1
#define HAVE_FALLOCATE 1
#define HAVE_POSIX_FALLOCATE 1
#define HAVE_POSIX_MEMALIGN 1
#define HAVE_SYSCONF 1
#define SG_LIB_BUILD_HOST "x86_64-unknown-linux-gnu"
#define SG_LIB_LINUX 1
#define SG_SCSI_STRINGS 1

configure: exit 0
